<?xml version="1.0" encoding="UTF-8"?>
<testng-results skipped="0" failed="1" ignored="0" total="5" passed="4">
  <reporter-output>
  </reporter-output>
  <suite name="Suite" duration-ms="17830" started-at="2020-03-21T21:31:38 IST" finished-at="2020-03-21T21:31:56 IST">
    <groups>
    </groups>
    <test name="createCustomerTest" duration-ms="14519" started-at="2020-03-21T21:31:38 IST" finished-at="2020-03-21T21:31:53 IST">
      <class name="com.practise.RestAssuredAPITestingFramework.TestCases.TC_01_Create_Customer">
        <test-method status="PASS" signature="beforeMethod(java.lang.reflect.Method)[pri:0, instance:com.practise.RestAssuredAPITestingFramework.TestCases.TC_01_Create_Customer@7a36aefa]" name="beforeMethod" is-config="true" duration-ms="1" started-at="2020-03-21T21:31:38 IST" finished-at="2020-03-21T21:31:38 IST">
          <params>
            <param index="0">
              <value>
                <![CDATA[public void com.practise.RestAssuredAPITestingFramework.TestCases.TC_01_Create_Customer.validateCreateCustomerWithValidSecretKey(java.util.Hashtable)]]>
              </value>
            </param>
          </params>
          <reporter-output>
          </reporter-output>
        </test-method> <!-- beforeMethod -->
        <test-method status="PASS" signature="validateCreateCustomerWithValidSecretKey(java.util.Hashtable)[pri:1, instance:com.practise.RestAssuredAPITestingFramework.TestCases.TC_01_Create_Customer@7a36aefa]" name="validateCreateCustomerWithValidSecretKey" duration-ms="6930" started-at="2020-03-21T21:31:38 IST" data-provider="data" finished-at="2020-03-21T21:31:45 IST">
          <params>
            <param index="0">
              <value>
                <![CDATA[{email=raghu@gmail.com, name=raghu, description=This is test raghu}]]>
              </value>
            </param>
          </params>
          <reporter-output>
          </reporter-output>
        </test-method> <!-- validateCreateCustomerWithValidSecretKey -->
        <test-method status="PASS" signature="afterMethod(org.testng.ITestResult)[pri:0, instance:com.practise.RestAssuredAPITestingFramework.TestCases.TC_01_Create_Customer@7a36aefa]" name="afterMethod" is-config="true" duration-ms="1" started-at="2020-03-21T21:31:45 IST" finished-at="2020-03-21T21:31:45 IST">
          <params>
            <param index="0">
              <value>
                <![CDATA[[TestResult name=validateCreateCustomerWithValidSecretKey status=SUCCESS method=TC_01_Create_Customer.validateCreateCustomerWithValidSecretKey(java.util.Hashtable)[pri:1, instance:com.practise.RestAssuredAPITestingFramework.TestCases.TC_01_Create_Customer@7a36aefa] output={null}]]]>
              </value>
            </param>
          </params>
          <reporter-output>
          </reporter-output>
        </test-method> <!-- afterMethod -->
        <test-method status="PASS" signature="beforeMethod(java.lang.reflect.Method)[pri:0, instance:com.practise.RestAssuredAPITestingFramework.TestCases.TC_01_Create_Customer@7a36aefa]" name="beforeMethod" is-config="true" duration-ms="0" started-at="2020-03-21T21:31:45 IST" finished-at="2020-03-21T21:31:45 IST">
          <params>
            <param index="0">
              <value>
                <![CDATA[public void com.practise.RestAssuredAPITestingFramework.TestCases.TC_01_Create_Customer.validateCreateCustomerWithValidSecretKey(java.util.Hashtable)]]>
              </value>
            </param>
          </params>
          <reporter-output>
          </reporter-output>
        </test-method> <!-- beforeMethod -->
        <test-method status="PASS" signature="validateCreateCustomerWithValidSecretKey(java.util.Hashtable)[pri:1, instance:com.practise.RestAssuredAPITestingFramework.TestCases.TC_01_Create_Customer@7a36aefa]" name="validateCreateCustomerWithValidSecretKey" duration-ms="2398" started-at="2020-03-21T21:31:45 IST" data-provider="data" finished-at="2020-03-21T21:31:48 IST">
          <params>
            <param index="0">
              <value>
                <![CDATA[{email=shivu@gmail.com, name=shivu, description=This is to test shivu}]]>
              </value>
            </param>
          </params>
          <reporter-output>
          </reporter-output>
        </test-method> <!-- validateCreateCustomerWithValidSecretKey -->
        <test-method status="PASS" signature="afterMethod(org.testng.ITestResult)[pri:0, instance:com.practise.RestAssuredAPITestingFramework.TestCases.TC_01_Create_Customer@7a36aefa]" name="afterMethod" is-config="true" duration-ms="0" started-at="2020-03-21T21:31:48 IST" finished-at="2020-03-21T21:31:48 IST">
          <params>
            <param index="0">
              <value>
                <![CDATA[[TestResult name=validateCreateCustomerWithValidSecretKey status=SUCCESS method=TC_01_Create_Customer.validateCreateCustomerWithValidSecretKey(java.util.Hashtable)[pri:1, instance:com.practise.RestAssuredAPITestingFramework.TestCases.TC_01_Create_Customer@7a36aefa] output={null}]]]>
              </value>
            </param>
          </params>
          <reporter-output>
          </reporter-output>
        </test-method> <!-- afterMethod -->
        <test-method status="PASS" signature="beforeMethod(java.lang.reflect.Method)[pri:0, instance:com.practise.RestAssuredAPITestingFramework.TestCases.TC_01_Create_Customer@7a36aefa]" name="beforeMethod" is-config="true" duration-ms="0" started-at="2020-03-21T21:31:48 IST" finished-at="2020-03-21T21:31:48 IST">
          <params>
            <param index="0">
              <value>
                <![CDATA[public void com.practise.RestAssuredAPITestingFramework.TestCases.TC_01_Create_Customer.validateCreateCustomerWithInValidSecretKey(java.util.Hashtable)]]>
              </value>
            </param>
          </params>
          <reporter-output>
          </reporter-output>
        </test-method> <!-- beforeMethod -->
        <test-method status="PASS" signature="validateCreateCustomerWithInValidSecretKey(java.util.Hashtable)[pri:2, instance:com.practise.RestAssuredAPITestingFramework.TestCases.TC_01_Create_Customer@7a36aefa]" name="validateCreateCustomerWithInValidSecretKey" duration-ms="2017" started-at="2020-03-21T21:31:48 IST" data-provider="data" finished-at="2020-03-21T21:31:50 IST">
          <params>
            <param index="0">
              <value>
                <![CDATA[{email=raghu1@gmail.com, name=raghu1, description=This is test raghu1}]]>
              </value>
            </param>
          </params>
          <reporter-output>
          </reporter-output>
        </test-method> <!-- validateCreateCustomerWithInValidSecretKey -->
        <test-method status="PASS" signature="afterMethod(org.testng.ITestResult)[pri:0, instance:com.practise.RestAssuredAPITestingFramework.TestCases.TC_01_Create_Customer@7a36aefa]" name="afterMethod" is-config="true" duration-ms="1" started-at="2020-03-21T21:31:50 IST" finished-at="2020-03-21T21:31:50 IST">
          <params>
            <param index="0">
              <value>
                <![CDATA[[TestResult name=validateCreateCustomerWithInValidSecretKey status=SUCCESS method=TC_01_Create_Customer.validateCreateCustomerWithInValidSecretKey(java.util.Hashtable)[pri:2, instance:com.practise.RestAssuredAPITestingFramework.TestCases.TC_01_Create_Customer@7a36aefa] output={null}]]]>
              </value>
            </param>
          </params>
          <reporter-output>
          </reporter-output>
        </test-method> <!-- afterMethod -->
        <test-method status="PASS" signature="beforeMethod(java.lang.reflect.Method)[pri:0, instance:com.practise.RestAssuredAPITestingFramework.TestCases.TC_01_Create_Customer@7a36aefa]" name="beforeMethod" is-config="true" duration-ms="0" started-at="2020-03-21T21:31:50 IST" finished-at="2020-03-21T21:31:50 IST">
          <params>
            <param index="0">
              <value>
                <![CDATA[public void com.practise.RestAssuredAPITestingFramework.TestCases.TC_01_Create_Customer.validateCreateCustomerWithInValidSecretKey(java.util.Hashtable)]]>
              </value>
            </param>
          </params>
          <reporter-output>
          </reporter-output>
        </test-method> <!-- beforeMethod -->
        <test-method status="PASS" signature="validateCreateCustomerWithInValidSecretKey(java.util.Hashtable)[pri:2, instance:com.practise.RestAssuredAPITestingFramework.TestCases.TC_01_Create_Customer@7a36aefa]" name="validateCreateCustomerWithInValidSecretKey" duration-ms="2953" started-at="2020-03-21T21:31:50 IST" data-provider="data" finished-at="2020-03-21T21:31:53 IST">
          <params>
            <param index="0">
              <value>
                <![CDATA[{email=shivu1@gmail.com, name=shivu1, description=This is to test shivu1}]]>
              </value>
            </param>
          </params>
          <reporter-output>
          </reporter-output>
        </test-method> <!-- validateCreateCustomerWithInValidSecretKey -->
        <test-method status="PASS" signature="afterMethod(org.testng.ITestResult)[pri:0, instance:com.practise.RestAssuredAPITestingFramework.TestCases.TC_01_Create_Customer@7a36aefa]" name="afterMethod" is-config="true" duration-ms="0" started-at="2020-03-21T21:31:53 IST" finished-at="2020-03-21T21:31:53 IST">
          <params>
            <param index="0">
              <value>
                <![CDATA[[TestResult name=validateCreateCustomerWithInValidSecretKey status=SUCCESS method=TC_01_Create_Customer.validateCreateCustomerWithInValidSecretKey(java.util.Hashtable)[pri:2, instance:com.practise.RestAssuredAPITestingFramework.TestCases.TC_01_Create_Customer@7a36aefa] output={null}]]]>
              </value>
            </param>
          </params>
          <reporter-output>
          </reporter-output>
        </test-method> <!-- afterMethod -->
      </class> <!-- com.practise.RestAssuredAPITestingFramework.TestCases.TC_01_Create_Customer -->
    </test> <!-- createCustomerTest -->
    <test name="deleteCustomerTest" duration-ms="2546" started-at="2020-03-21T21:31:53 IST" finished-at="2020-03-21T21:31:56 IST">
      <class name="com.practise.RestAssuredAPITestingFramework.TestCases.TC_02_Delete_Customer">
        <test-method status="PASS" signature="setup()[pri:0, instance:com.practise.RestAssuredAPITestingFramework.TestCases.TC_02_Delete_Customer@aecb35a]" name="setup" is-config="true" duration-ms="2033" started-at="2020-03-21T21:31:36 IST" finished-at="2020-03-21T21:31:38 IST">
          <reporter-output>
          </reporter-output>
        </test-method> <!-- setup -->
        <test-method status="PASS" signature="beforeMethod(java.lang.reflect.Method)[pri:0, instance:com.practise.RestAssuredAPITestingFramework.TestCases.TC_02_Delete_Customer@aecb35a]" name="beforeMethod" is-config="true" duration-ms="1" started-at="2020-03-21T21:31:53 IST" finished-at="2020-03-21T21:31:53 IST">
          <params>
            <param index="0">
              <value>
                <![CDATA[public void com.practise.RestAssuredAPITestingFramework.TestCases.TC_02_Delete_Customer.validateDeleteCustomerWithValidID(java.util.Hashtable)]]>
              </value>
            </param>
          </params>
          <reporter-output>
          </reporter-output>
        </test-method> <!-- beforeMethod -->
        <test-method status="FAIL" signature="validateDeleteCustomerWithValidID(java.util.Hashtable)[pri:0, instance:com.practise.RestAssuredAPITestingFramework.TestCases.TC_02_Delete_Customer@aecb35a]" name="validateDeleteCustomerWithValidID" duration-ms="2483" started-at="2020-03-21T21:31:53 IST" data-provider="data" finished-at="2020-03-21T21:31:56 IST">
          <params>
            <param index="0">
              <value>
                <![CDATA[{id=cus_GwxvBEhVpO1ewV}]]>
              </value>
            </param>
          </params>
          <exception class="java.lang.AssertionError">
            <message>
              <![CDATA[expected [200] but found [404]]]>
            </message>
            <full-stacktrace>
              <![CDATA[java.lang.AssertionError: expected [200] but found [404]
at org.testng.Assert.fail(Assert.java:97)
at org.testng.Assert.assertEqualsImpl(Assert.java:136)
at org.testng.Assert.assertEquals(Assert.java:118)
at org.testng.Assert.assertEquals(Assert.java:839)
at org.testng.Assert.assertEquals(Assert.java:849)
at com.practise.RestAssuredAPITestingFramework.TestCases.TC_02_Delete_Customer.validateDeleteCustomerWithValidID(TC_02_Delete_Customer.java:29)
at sun.reflect.NativeMethodAccessorImpl.invoke0(Native Method)
at sun.reflect.NativeMethodAccessorImpl.invoke(NativeMethodAccessorImpl.java:62)
at sun.reflect.DelegatingMethodAccessorImpl.invoke(DelegatingMethodAccessorImpl.java:43)
at java.lang.reflect.Method.invoke(Method.java:498)
at org.testng.internal.MethodInvocationHelper.invokeMethod(MethodInvocationHelper.java:134)
at org.testng.internal.TestInvoker.invokeMethod(TestInvoker.java:597)
at org.testng.internal.TestInvoker.invokeTestMethod(TestInvoker.java:173)
at org.testng.internal.MethodRunner.runInSequence(MethodRunner.java:46)
at org.testng.internal.TestInvoker$MethodInvocationAgent.invoke(TestInvoker.java:816)
at org.testng.internal.TestInvoker.invokeTestMethods(TestInvoker.java:146)
at org.testng.internal.TestMethodWorker.invokeTestMethods(TestMethodWorker.java:146)
at org.testng.internal.TestMethodWorker.run(TestMethodWorker.java:128)
at java.util.ArrayList.forEach(ArrayList.java:1257)
at org.testng.TestRunner.privateRun(TestRunner.java:766)
at org.testng.TestRunner.run(TestRunner.java:587)
at org.testng.SuiteRunner.runTest(SuiteRunner.java:384)
at org.testng.SuiteRunner.runSequentially(SuiteRunner.java:378)
at org.testng.SuiteRunner.privateRun(SuiteRunner.java:337)
at org.testng.SuiteRunner.run(SuiteRunner.java:286)
at org.testng.SuiteRunnerWorker.runSuite(SuiteRunnerWorker.java:53)
at org.testng.SuiteRunnerWorker.run(SuiteRunnerWorker.java:96)
at org.testng.TestNG.runSuitesSequentially(TestNG.java:1187)
at org.testng.TestNG.runSuitesLocally(TestNG.java:1109)
at org.testng.TestNG.runSuites(TestNG.java:1039)
at org.testng.TestNG.run(TestNG.java:1007)
at org.apache.maven.surefire.testng.TestNGExecutor.run(TestNGExecutor.java:283)
at org.apache.maven.surefire.testng.TestNGXmlTestSuite.execute(TestNGXmlTestSuite.java:75)
at org.apache.maven.surefire.testng.TestNGProvider.invoke(TestNGProvider.java:120)
at org.apache.maven.surefire.booter.ForkedBooter.invokeProviderInSameClassLoader(ForkedBooter.java:383)
at org.apache.maven.surefire.booter.ForkedBooter.runSuitesInProcess(ForkedBooter.java:344)
at org.apache.maven.surefire.booter.ForkedBooter.execute(ForkedBooter.java:125)
at org.apache.maven.surefire.booter.ForkedBooter.main(ForkedBooter.java:417)
]]>
            </full-stacktrace>
          </exception> <!-- java.lang.AssertionError -->
          <reporter-output>
          </reporter-output>
        </test-method> <!-- validateDeleteCustomerWithValidID -->
        <test-method status="PASS" signature="afterMethod(org.testng.ITestResult)[pri:0, instance:com.practise.RestAssuredAPITestingFramework.TestCases.TC_02_Delete_Customer@aecb35a]" name="afterMethod" is-config="true" duration-ms="1" started-at="2020-03-21T21:31:56 IST" finished-at="2020-03-21T21:31:56 IST">
          <params>
            <param index="0">
              <value>
                <![CDATA[[TestResult name=validateDeleteCustomerWithValidID status=FAILURE method=TC_02_Delete_Customer.validateDeleteCustomerWithValidID(java.util.Hashtable)[pri:0, instance:com.practise.RestAssuredAPITestingFramework.TestCases.TC_02_Delete_Customer@aecb35a] output={null}]]]>
              </value>
            </param>
          </params>
          <reporter-output>
          </reporter-output>
        </test-method> <!-- afterMethod -->
        <test-method status="PASS" signature="tearDown()[pri:0, instance:com.practise.RestAssuredAPITestingFramework.TestCases.TC_02_Delete_Customer@aecb35a]" name="tearDown" is-config="true" duration-ms="0" started-at="2020-03-21T21:31:56 IST" finished-at="2020-03-21T21:31:56 IST">
          <reporter-output>
          </reporter-output>
        </test-method> <!-- tearDown -->
      </class> <!-- com.practise.RestAssuredAPITestingFramework.TestCases.TC_02_Delete_Customer -->
    </test> <!-- deleteCustomerTest -->
  </suite> <!-- Suite -->
</testng-results>
